#
# There is insufficient memory for the Java Runtime Environment to continue.
# Native memory allocation (malloc) failed to allocate 1332816 bytes. Error detail: Chunk::new
# Possible reasons:
#   The system is out of physical RAM or swap space
#   This process is running with CompressedOops enabled, and the Java Heap may be blocking the growth of the native heap
# Possible solutions:
#   Reduce memory load on the system
#   Increase physical memory or swap space
#   Check if swap backing store is full
#   Decrease Java heap size (-Xmx/-Xms)
#   Decrease number of Java threads
#   Decrease Java thread stack sizes (-Xss)
#   Set larger code cache with -XX:ReservedCodeCacheSize=
#   JVM is running with Unscaled Compressed Oops mode in which the Java heap is
#     placed in the first 4GB address space. The Java Heap base address is the
#     maximum limit for the native heap growth. Please use -XX:HeapBaseMinAddress
#     to set the Java Heap base and to place the Java Heap above 4GB virtual address.
# This output file may be truncated or incomplete.
#
#  Out of Memory Error (arena.cpp:168), pid=15840, tid=15392
#
# JRE version: OpenJDK Runtime Environment (21.0.6) (build 21.0.6+-13355223-b631.42)
# Java VM: OpenJDK 64-Bit Server VM (21.0.6+-13355223-b631.42, mixed mode, tiered, compressed oops, compressed class ptrs, g1 gc, windows-amd64)
# No core dump will be written. Minidumps are not enabled by default on client versions of Windows
#

---------------  S U M M A R Y ------------

Command Line: --add-opens=java.base/java.lang=ALL-UNNAMED --add-opens=java.base/java.lang.invoke=ALL-UNNAMED --add-opens=java.base/java.util=ALL-UNNAMED --add-opens=java.prefs/java.util.prefs=ALL-UNNAMED --add-exports=jdk.compiler/com.sun.tools.javac.api=ALL-UNNAMED --add-exports=jdk.compiler/com.sun.tools.javac.util=ALL-UNNAMED --add-opens=java.base/java.util=ALL-UNNAMED --add-opens=java.prefs/java.util.prefs=ALL-UNNAMED --add-opens=java.base/java.nio.charset=ALL-UNNAMED --add-opens=java.base/java.net=ALL-UNNAMED --add-opens=java.base/java.util.concurrent.atomic=ALL-UNNAMED --add-opens=java.xml/javax.xml.namespace=ALL-UNNAMED -Xmx2048m -Dfile.encoding=UTF-8 -Duser.country=RU -Duser.language=ru -Duser.variant -javaagent:C:\Users\47sok\.gradle\wrapper\dists\gradle-8.11.1-bin\bpt9gzteqjrbo1mjrsomdt32c\gradle-8.11.1\lib\agents\gradle-instrumentation-agent-8.11.1.jar org.gradle.launcher.daemon.bootstrap.GradleDaemon 8.11.1

Host: Intel(R) Core(TM) i5-8265U CPU @ 1.60GHz, 8 cores, 7G,  Windows 11 , 64 bit Build 26100 (10.0.26100.7309)
Time: Fri Dec 26 13:12:47 2025  Windows 11 , 64 bit Build 26100 (10.0.26100.7309) elapsed time: 5.506318 seconds (0d 0h 0m 5s)

---------------  T H R E A D  ---------------

Current thread (0x0000015fe5bb8b20):  JavaThread "C2 CompilerThread0" daemon [_thread_in_native, id=15392, stack(0x0000000aae900000,0x0000000aaea00000) (1024K)]


Current CompileTask:
C2:5506 2914       4       java.net.URLClassLoader$1::run (5 bytes)

Stack: [0x0000000aae900000,0x0000000aaea00000]
Native frames: (J=compiled Java code, j=interpreted, Vv=VM code, C=native code)
V  [jvm.dll+0x6d05a9]
V  [jvm.dll+0x85ea73]
V  [jvm.dll+0x860fce]
V  [jvm.dll+0x8616b3]
V  [jvm.dll+0x27e6e6]
V  [jvm.dll+0xbff6d]
V  [jvm.dll+0xc04a3]
V  [jvm.dll+0x3b6131]
V  [jvm.dll+0x1de684]
V  [jvm.dll+0x247dd4]
V  [jvm.dll+0x247251]
V  [jvm.dll+0x1c5f04]
V  [jvm.dll+0x2569ac]
V  [jvm.dll+0x254ef6]
V  [jvm.dll+0x3f0e56]
V  [jvm.dll+0x806e48]
V  [jvm.dll+0x6cee7d]
C  [ucrtbase.dll+0x37b0]
C  [KERNEL32.DLL+0x2e8d7]
C  [ntdll.dll+0x8c53c]


---------------  P R O C E S S  ---------------

Threads class SMR info:
_java_thread_list=0x0000015fec73eea0, length=26, elements={
0x0000015fce2f4bf0, 0x0000015fe5b93380, 0x0000015fe5b94940, 0x0000015fe5b7cd80,
0x0000015fe5b7d7d0, 0x0000015fe5b96490, 0x0000015fe5b9b800, 0x0000015fe5bb8b20,
0x0000015fe5bbc260, 0x0000015fe5d2af20, 0x0000015fe5d287c0, 0x0000015fe5d28e50,
0x0000015fe5d2b5b0, 0x0000015fe5d2a200, 0x0000015fe5d28130, 0x0000015fe5d29b70,
0x0000015fe5d294e0, 0x0000015fe5d2a890, 0x0000015feb6040f0, 0x0000015feb6054a0,
0x0000015feb604780, 0x0000015feb605b30, 0x0000015feb6061c0, 0x0000015feb606ee0,
0x0000015fec0207e0, 0x0000015feb607570
}

Java Threads: ( => current thread )
  0x0000015fce2f4bf0 JavaThread "main"                              [_thread_blocked, id=872, stack(0x0000000aadb00000,0x0000000aadc00000) (1024K)]
  0x0000015fe5b93380 JavaThread "Reference Handler"          daemon [_thread_blocked, id=19496, stack(0x0000000aae300000,0x0000000aae400000) (1024K)]
  0x0000015fe5b94940 JavaThread "Finalizer"                  daemon [_thread_blocked, id=10968, stack(0x0000000aae400000,0x0000000aae500000) (1024K)]
  0x0000015fe5b7cd80 JavaThread "Signal Dispatcher"          daemon [_thread_blocked, id=19700, stack(0x0000000aae500000,0x0000000aae600000) (1024K)]
  0x0000015fe5b7d7d0 JavaThread "Attach Listener"            daemon [_thread_blocked, id=19100, stack(0x0000000aae600000,0x0000000aae700000) (1024K)]
  0x0000015fe5b96490 JavaThread "Service Thread"             daemon [_thread_blocked, id=26504, stack(0x0000000aae700000,0x0000000aae800000) (1024K)]
  0x0000015fe5b9b800 JavaThread "Monitor Deflation Thread"   daemon [_thread_blocked, id=3468, stack(0x0000000aae800000,0x0000000aae900000) (1024K)]
=>0x0000015fe5bb8b20 JavaThread "C2 CompilerThread0"         daemon [_thread_in_native, id=15392, stack(0x0000000aae900000,0x0000000aaea00000) (1024K)]
  0x0000015fe5bbc260 JavaThread "C1 CompilerThread0"         daemon [_thread_blocked, id=25124, stack(0x0000000aaea00000,0x0000000aaeb00000) (1024K)]
  0x0000015fe5d2af20 JavaThread "Common-Cleaner"             daemon [_thread_blocked, id=1396, stack(0x0000000aaeb00000,0x0000000aaec00000) (1024K)]
  0x0000015fe5d287c0 JavaThread "Notification Thread"        daemon [_thread_blocked, id=16244, stack(0x0000000aaec00000,0x0000000aaed00000) (1024K)]
  0x0000015fe5d28e50 JavaThread "Daemon health stats"               [_thread_blocked, id=5972, stack(0x0000000aaf300000,0x0000000aaf400000) (1024K)]
  0x0000015fe5d2b5b0 JavaThread "Incoming local TCP Connector on port 61695"        [_thread_in_native, id=12572, stack(0x0000000aaf400000,0x0000000aaf500000) (1024K)]
  0x0000015fe5d2a200 JavaThread "Daemon periodic checks"            [_thread_blocked, id=20352, stack(0x0000000aaf500000,0x0000000aaf600000) (1024K)]
  0x0000015fe5d28130 JavaThread "Daemon"                            [_thread_blocked, id=25300, stack(0x0000000aaf600000,0x0000000aaf700000) (1024K)]
  0x0000015fe5d29b70 JavaThread "Handler for socket connection from /127.0.0.1:61695 to /127.0.0.1:61696"        [_thread_in_native, id=15528, stack(0x0000000aaf700000,0x0000000aaf800000) (1024K)]
  0x0000015fe5d294e0 JavaThread "Cancel handler"                    [_thread_blocked, id=1952, stack(0x0000000aaf800000,0x0000000aaf900000) (1024K)]
  0x0000015fe5d2a890 JavaThread "Daemon worker"                     [_thread_in_vm, id=15028, stack(0x0000000aaf900000,0x0000000aafa00000) (1024K)]
  0x0000015feb6040f0 JavaThread "Asynchronous log dispatcher for DefaultDaemonConnection: socket connection from /127.0.0.1:61695 to /127.0.0.1:61696"        [_thread_blocked, id=2880, stack(0x0000000aafa00000,0x0000000aafb00000) (1024K)]
  0x0000015feb6054a0 JavaThread "Stdin handler"                     [_thread_blocked, id=15960, stack(0x0000000aafb00000,0x0000000aafc00000) (1024K)]
  0x0000015feb604780 JavaThread "Daemon client event forwarder"        [_thread_blocked, id=7748, stack(0x0000000aafc00000,0x0000000aafd00000) (1024K)]
  0x0000015feb605b30 JavaThread "Cache worker for journal cache (C:\Users\47sok\.gradle\caches\journal-1)"        [_thread_blocked, id=21656, stack(0x0000000ab0000000,0x0000000ab0100000) (1024K)]
  0x0000015feb6061c0 JavaThread "File lock request listener"        [_thread_in_native, id=21012, stack(0x0000000ab0100000,0x0000000ab0200000) (1024K)]
  0x0000015feb606ee0 JavaThread "Cache worker for file hash cache (C:\Users\47sok\.gradle\caches\8.11.1\fileHashes)"        [_thread_blocked, id=20852, stack(0x0000000aaf200000,0x0000000aaf300000) (1024K)]
  0x0000015fec0207e0 JavaThread "C2 CompilerThread1"         daemon [_thread_in_native, id=18144, stack(0x0000000ab0200000,0x0000000ab0300000) (1024K)]
  0x0000015feb607570 JavaThread "Cache worker for file content cache (C:\Users\47sok\.gradle\caches\8.11.1\fileContent)"        [_thread_blocked, id=12496, stack(0x0000000ab0300000,0x0000000ab0400000) (1024K)]
Total: 26

Other Threads:
  0x0000015fcbed4180 VMThread "VM Thread"                           [id=2088, stack(0x0000000aae200000,0x0000000aae300000) (1024K)]
  0x0000015fe596bf10 WatcherThread "VM Periodic Task Thread"        [id=11028, stack(0x0000000aae100000,0x0000000aae200000) (1024K)]
  0x0000015fcbed36a0 WorkerThread "GC Thread#0"                     [id=8244, stack(0x0000000aadc00000,0x0000000aadd00000) (1024K)]
  0x0000015fcbed4c60 WorkerThread "GC Thread#1"                     [id=12352, stack(0x0000000aaef00000,0x0000000aaf000000) (1024K)]
  0x0000015fcbed4520 WorkerThread "GC Thread#2"                     [id=13484, stack(0x0000000aaf000000,0x0000000aaf100000) (1024K)]
  0x0000015fcbed5000 WorkerThread "GC Thread#3"                     [id=10024, stack(0x0000000aaee00000,0x0000000aaef00000) (1024K)]
  0x0000015feaf51f50 WorkerThread "GC Thread#4"                     [id=1656, stack(0x0000000aaf100000,0x0000000aaf200000) (1024K)]
  0x0000015feaf510d0 WorkerThread "GC Thread#5"                     [id=16128, stack(0x0000000aaed00000,0x0000000aaee00000) (1024K)]
  0x0000015feaf51810 WorkerThread "GC Thread#6"                     [id=21256, stack(0x0000000aafd00000,0x0000000aafe00000) (1024K)]
  0x0000015feaf50250 WorkerThread "GC Thread#7"                     [id=21824, stack(0x0000000aafe00000,0x0000000aaff00000) (1024K)]
  0x0000015fce35d530 ConcurrentGCThread "G1 Main Marker"            [id=24756, stack(0x0000000aadd00000,0x0000000aade00000) (1024K)]
  0x0000015fcbed48c0 WorkerThread "G1 Conc#0"                       [id=6696, stack(0x0000000aade00000,0x0000000aadf00000) (1024K)]
  0x0000015feaf52a30 WorkerThread "G1 Conc#1"                       [id=13844, stack(0x0000000aaff00000,0x0000000ab0000000) (1024K)]
  0x0000015fe583f150 ConcurrentGCThread "G1 Refine#0"               [id=13304, stack(0x0000000aadf00000,0x0000000aae000000) (1024K)]
  0x0000015fe583f970 ConcurrentGCThread "G1 Service"                [id=12364, stack(0x0000000aae000000,0x0000000aae100000) (1024K)]
Total: 15

Threads with active compile tasks:
C2 CompilerThread0  5578 2914       4       java.net.URLClassLoader$1::run (5 bytes)
C2 CompilerThread1  5578 2915   !   4       java.net.URLClassLoader$1::run (81 bytes)
Total: 2

VM state: not at safepoint (normal execution)

VM Mutex/Monitor currently owned by a thread: None

Heap address: 0x0000000080000000, size: 2048 MB, Compressed Oops mode: 32-bit

CDS archive(s) not mapped
Compressed class space mapped at: 0x0000000100000000-0x0000000140000000, reserved size: 1073741824
Narrow klass base: 0x0000000000000000, Narrow klass shift: 3, Narrow klass range: 0x140000000

GC Precious Log:
 CardTable entry size: 512
 Card Set container configuration: InlinePtr #cards 5 size 8 Array Of Cards #cards 12 size 40 Howl #buckets 4 coarsen threshold 1843 Howl Bitmap #cards 512 size 80 coarsen threshold 460 Card regions per heap region 1 cards per card region 2048
 CPUs: 8 total, 8 available
 Memory: 8006M
 Large Page Support: Disabled
 NUMA Support: Disabled
 Compressed Oops: Enabled (32-bit)
 Heap Region Size: 1M
 Heap Min Capacity: 8M
 Heap Initial Capacity: 126M
 Heap Max Capacity: 2G
 Pre-touch: Disabled
 Parallel Workers: 8
 Concurrent Workers: 2
 Concurrent Refinement Workers: 8
 Periodic GC: Disabled

Heap:
 garbage-first heap   total 83968K, used 35406K [0x0000000080000000, 0x0000000100000000)
  region size 1024K, 20 young (20480K), 7 survivors (7168K)
 Metaspace       used 31006K, committed 31680K, reserved 1114112K
  class space    used 4010K, committed 4352K, reserved 1048576K

Heap Regions: E=young(eden), S=young(survivor), O=old, HS=humongous(starts), HC=humongous(continues), CS=collection set, F=free, TAMS=top-at-mark-start, PB=parsable bottom
|   0|0x0000000080000000, 0x0000000080100000, 0x0000000080100000|100%| O|  |TAMS 0x0000000080000000| PB 0x0000000080000000| Untracked 
|   1|0x0000000080100000, 0x0000000080200000, 0x0000000080200000|100%|HS|  |TAMS 0x0000000080100000| PB 0x0000000080100000| Complete 
|   2|0x0000000080200000, 0x0000000080300000, 0x0000000080300000|100%|HC|  |TAMS 0x0000000080200000| PB 0x0000000080200000| Complete 
|   3|0x0000000080300000, 0x0000000080400000, 0x0000000080400000|100%|HC|  |TAMS 0x0000000080300000| PB 0x0000000080300000| Complete 
|   4|0x0000000080400000, 0x0000000080500000, 0x0000000080500000|100%| O|  |TAMS 0x0000000080400000| PB 0x0000000080400000| Untracked 
|   5|0x0000000080500000, 0x0000000080600000, 0x0000000080600000|100%| O|  |TAMS 0x0000000080500000| PB 0x0000000080500000| Untracked 
|   6|0x0000000080600000, 0x0000000080700000, 0x0000000080700000|100%| O|  |TAMS 0x0000000080600000| PB 0x0000000080600000| Untracked 
|   7|0x0000000080700000, 0x0000000080800000, 0x0000000080800000|100%|HS|  |TAMS 0x0000000080700000| PB 0x0000000080700000| Complete 
|   8|0x0000000080800000, 0x0000000080800000, 0x0000000080900000|  0%| F|  |TAMS 0x0000000080800000| PB 0x0000000080800000| Untracked 
|   9|0x0000000080900000, 0x0000000080a00000, 0x0000000080a00000|100%| O|  |TAMS 0x0000000080900000| PB 0x0000000080900000| Untracked 
|  10|0x0000000080a00000, 0x0000000080b00000, 0x0000000080b00000|100%| O|  |TAMS 0x0000000080a00000| PB 0x0000000080a00000| Untracked 
|  11|0x0000000080b00000, 0x0000000080c00000, 0x0000000080c00000|100%| O|  |TAMS 0x0000000080b00000| PB 0x0000000080b00000| Untracked 
|  12|0x0000000080c00000, 0x0000000080c98640, 0x0000000080d00000| 59%| O|Cm|TAMS 0x0000000080c00000| PB 0x0000000080c00000| Complete 
|  13|0x0000000080d00000, 0x0000000080d00000, 0x0000000080e00000|  0%| F|  |TAMS 0x0000000080d00000| PB 0x0000000080d00000| Untracked 
|  14|0x0000000080e00000, 0x0000000080e00000, 0x0000000080f00000|  0%| F|  |TAMS 0x0000000080e00000| PB 0x0000000080e00000| Untracked 
|  15|0x0000000080f00000, 0x0000000080f00000, 0x0000000081000000|  0%| F|  |TAMS 0x0000000080f00000| PB 0x0000000080f00000| Untracked 
|  16|0x0000000081000000, 0x0000000081000000, 0x0000000081100000|  0%| F|  |TAMS 0x0000000081000000| PB 0x0000000081000000| Untracked 
|  17|0x0000000081100000, 0x0000000081100000, 0x0000000081200000|  0%| F|  |TAMS 0x0000000081100000| PB 0x0000000081100000| Untracked 
|  18|0x0000000081200000, 0x0000000081200000, 0x0000000081300000|  0%| F|  |TAMS 0x0000000081200000| PB 0x0000000081200000| Untracked 
|  19|0x0000000081300000, 0x0000000081300000, 0x0000000081400000|  0%| F|  |TAMS 0x0000000081300000| PB 0x0000000081300000| Untracked 
|  20|0x0000000081400000, 0x0000000081400000, 0x0000000081500000|  0%| F|  |TAMS 0x0000000081400000| PB 0x0000000081400000| Untracked 
|  21|0x0000000081500000, 0x0000000081500000, 0x0000000081600000|  0%| F|  |TAMS 0x0000000081500000| PB 0x0000000081500000| Untracked 
|  22|0x0000000081600000, 0x0000000081600000, 0x0000000081700000|  0%| F|  |TAMS 0x0000000081600000| PB 0x0000000081600000| Untracked 
|  23|0x0000000081700000, 0x0000000081700000, 0x0000000081800000|  0%| F|  |TAMS 0x0000000081700000| PB 0x0000000081700000| Untracked 
|  24|0x0000000081800000, 0x0000000081800000, 0x0000000081900000|  0%| F|  |TAMS 0x0000000081800000| PB 0x0000000081800000| Untracked 
|  25|0x0000000081900000, 0x0000000081900000, 0x0000000081a00000|  0%| F|  |TAMS 0x0000000081900000| PB 0x0000000081900000| Untracked 
|  26|0x0000000081a00000, 0x0000000081a00000, 0x0000000081b00000|  0%| F|  |TAMS 0x0000000081a00000| PB 0x0000000081a00000| Untracked 
|  27|0x0000000081b00000, 0x0000000081b00000, 0x0000000081c00000|  0%| F|  |TAMS 0x0000000081b00000| PB 0x0000000081b00000| Untracked 
|  28|0x0000000081c00000, 0x0000000081c00000, 0x0000000081d00000|  0%| F|  |TAMS 0x0000000081c00000| PB 0x0000000081c00000| Untracked 
|  29|0x0000000081d00000, 0x0000000081d00000, 0x0000000081e00000|  0%| F|  |TAMS 0x0000000081d00000| PB 0x0000000081d00000| Untracked 
|  30|0x0000000081e00000, 0x0000000081e00000, 0x0000000081f00000|  0%| F|  |TAMS 0x0000000081e00000| PB 0x0000000081e00000| Untracked 
|  31|0x0000000081f00000, 0x0000000081f00000, 0x0000000082000000|  0%| F|  |TAMS 0x0000000081f00000| PB 0x0000000081f00000| Untracked 
|  32|0x0000000082000000, 0x0000000082000000, 0x0000000082100000|  0%| F|  |TAMS 0x0000000082000000| PB 0x0000000082000000| Untracked 
|  33|0x0000000082100000, 0x0000000082100000, 0x0000000082200000|  0%| F|  |TAMS 0x0000000082100000| PB 0x0000000082100000| Untracked 
|  34|0x0000000082200000, 0x0000000082200000, 0x0000000082300000|  0%| F|  |TAMS 0x0000000082200000| PB 0x0000000082200000| Untracked 
|  35|0x0000000082300000, 0x0000000082300000, 0x0000000082400000|  0%| F|  |TAMS 0x0000000082300000| PB 0x0000000082300000| Untracked 
|  36|0x0000000082400000, 0x0000000082400000, 0x0000000082500000|  0%| F|  |TAMS 0x0000000082400000| PB 0x0000000082400000| Untracked 
|  37|0x0000000082500000, 0x0000000082500000, 0x0000000082600000|  0%| F|  |TAMS 0x0000000082500000| PB 0x0000000082500000| Untracked 
|  38|0x0000000082600000, 0x0000000082600000, 0x0000000082700000|  0%| F|  |TAMS 0x0000000082600000| PB 0x0000000082600000| Untracked 
|  39|0x0000000082700000, 0x0000000082700000, 0x0000000082800000|  0%| F|  |TAMS 0x0000000082700000| PB 0x0000000082700000| Untracked 
|  40|0x0000000082800000, 0x0000000082800000, 0x0000000082900000|  0%| F|  |TAMS 0x0000000082800000| PB 0x0000000082800000| Untracked 
|  41|0x0000000082900000, 0x0000000082900000, 0x0000000082a00000|  0%| F|  |TAMS 0x0000000082900000| PB 0x0000000082900000| Untracked 
|  42|0x0000000082a00000, 0x0000000082a00000, 0x0000000082b00000|  0%| F|  |TAMS 0x0000000082a00000| PB 0x0000000082a00000| Untracked 
|  43|0x0000000082b00000, 0x0000000082b00000, 0x0000000082c00000|  0%| F|  |TAMS 0x0000000082b00000| PB 0x0000000082b00000| Untracked 
|  44|0x0000000082c00000, 0x0000000082c00000, 0x0000000082d00000|  0%| F|  |TAMS 0x0000000082c00000| PB 0x0000000082c00000| Untracked 
|  45|0x0000000082d00000, 0x0000000082d00000, 0x0000000082e00000|  0%| F|  |TAMS 0x0000000082d00000| PB 0x0000000082d00000| Untracked 
|  46|0x0000000082e00000, 0x0000000082e00000, 0x0000000082f00000|  0%| F|  |TAMS 0x0000000082e00000| PB 0x0000000082e00000| Untracked 
|  47|0x0000000082f00000, 0x0000000082f00000, 0x0000000083000000|  0%| F|  |TAMS 0x0000000082f00000| PB 0x0000000082f00000| Untracked 
|  48|0x0000000083000000, 0x0000000083000000, 0x0000000083100000|  0%| F|  |TAMS 0x0000000083000000| PB 0x0000000083000000| Untracked 
|  49|0x0000000083100000, 0x0000000083100000, 0x0000000083200000|  0%| F|  |TAMS 0x0000000083100000| PB 0x0000000083100000| Untracked 
|  50|0x0000000083200000, 0x0000000083200000, 0x0000000083300000|  0%| F|  |TAMS 0x0000000083200000| PB 0x0000000083200000| Untracked 
|  51|0x0000000083300000, 0x0000000083300000, 0x0000000083400000|  0%| F|  |TAMS 0x0000000083300000| PB 0x0000000083300000| Untracked 
|  52|0x0000000083400000, 0x0000000083400000, 0x0000000083500000|  0%| F|  |TAMS 0x0000000083400000| PB 0x0000000083400000| Untracked 
|  53|0x0000000083500000, 0x0000000083500000, 0x0000000083600000|  0%| F|  |TAMS 0x0000000083500000| PB 0x0000000083500000| Untracked 
|  54|0x0000000083600000, 0x0000000083600000, 0x0000000083700000|  0%| F|  |TAMS 0x0000000083600000| PB 0x0000000083600000| Untracked 
|  55|0x0000000083700000, 0x0000000083700000, 0x0000000083800000|  0%| F|  |TAMS 0x0000000083700000| PB 0x0000000083700000| Untracked 
|  56|0x0000000083800000, 0x0000000083800000, 0x0000000083900000|  0%| F|  |TAMS 0x0000000083800000| PB 0x0000000083800000| Untracked 
|  57|0x0000000083900000, 0x0000000083a00000, 0x0000000083a00000|100%| E|  |TAMS 0x0000000083900000| PB 0x0000000083900000| Complete 
|  58|0x0000000083a00000, 0x0000000083b00000, 0x0000000083b00000|100%| E|CS|TAMS 0x0000000083a00000| PB 0x0000000083a00000| Complete 
|  59|0x0000000083b00000, 0x0000000083c00000, 0x0000000083c00000|100%| E|CS|TAMS 0x0000000083b00000| PB 0x0000000083b00000| Complete 
|  60|0x0000000083c00000, 0x0000000083d00000, 0x0000000083d00000|100%| S|CS|TAMS 0x0000000083c00000| PB 0x0000000083c00000| Complete 
|  61|0x0000000083d00000, 0x0000000083e00000, 0x0000000083e00000|100%| S|CS|TAMS 0x0000000083d00000| PB 0x0000000083d00000| Complete 
|  62|0x0000000083e00000, 0x0000000083f00000, 0x0000000083f00000|100%| S|CS|TAMS 0x0000000083e00000| PB 0x0000000083e00000| Complete 
|  63|0x0000000083f00000, 0x0000000084000000, 0x0000000084000000|100%| S|CS|TAMS 0x0000000083f00000| PB 0x0000000083f00000| Complete 
|  64|0x0000000084000000, 0x0000000084100000, 0x0000000084100000|100%| S|CS|TAMS 0x0000000084000000| PB 0x0000000084000000| Complete 
|  65|0x0000000084100000, 0x0000000084200000, 0x0000000084200000|100%| S|CS|TAMS 0x0000000084100000| PB 0x0000000084100000| Complete 
|  66|0x0000000084200000, 0x0000000084243b00, 0x0000000084300000| 26%| S|CS|TAMS 0x0000000084200000| PB 0x0000000084200000| Complete 
|  91|0x0000000085b00000, 0x0000000085c00000, 0x0000000085c00000|100%| E|CS|TAMS 0x0000000085b00000| PB 0x0000000085b00000| Complete 
|  92|0x0000000085c00000, 0x0000000085d00000, 0x0000000085d00000|100%| E|CS|TAMS 0x0000000085c00000| PB 0x0000000085c00000| Complete 
|  93|0x0000000085d00000, 0x0000000085e00000, 0x0000000085e00000|100%| E|CS|TAMS 0x0000000085d00000| PB 0x0000000085d00000| Complete 
|  94|0x0000000085e00000, 0x0000000085f00000, 0x0000000085f00000|100%| E|CS|TAMS 0x0000000085e00000| PB 0x0000000085e00000| Complete 
|  95|0x0000000085f00000, 0x0000000086000000, 0x0000000086000000|100%| E|CS|TAMS 0x0000000085f00000| PB 0x0000000085f00000| Complete 
|  96|0x0000000086000000, 0x0000000086100000, 0x0000000086100000|100%| E|CS|TAMS 0x0000000086000000| PB 0x0000000086000000| Complete 
|  97|0x0000000086100000, 0x0000000086200000, 0x0000000086200000|100%| E|CS|TAMS 0x0000000086100000| PB 0x0000000086100000| Complete 
|  98|0x0000000086200000, 0x0000000086300000, 0x0000000086300000|100%| E|CS|TAMS 0x0000000086200000| PB 0x0000000086200000| Complete 
|  99|0x0000000086300000, 0x0000000086400000, 0x0000000086400000|100%| E|CS|TAMS 0x0000000086300000| PB 0x0000000086300000| Complete 
| 125|0x0000000087d00000, 0x0000000087e00000, 0x0000000087e00000|100%| E|CS|TAMS 0x0000000087d00000| PB 0x0000000087d00000| Complete 
|2043|0x00000000ffb00000, 0x00000000ffbb7a40, 0x00000000ffc00000| 71%| O|  |TAMS 0x00000000ffb00000| PB 0x00000000ffb00000| Untracked 
|2044|0x00000000ffc00000, 0x00000000ffd00000, 0x00000000ffd00000|100%| O|  |TAMS 0x00000000ffc00000| PB 0x00000000ffc00000| Untracked 
|2045|0x00000000ffd00000, 0x00000000ffe00000, 0x00000000ffe00000|100%| O|  |TAMS 0x00000000ffd00000| PB 0x00000000ffd00000| Untracked 
|2046|0x00000000ffe00000, 0x00000000fff00000, 0x00000000fff00000|100%| O|  |TAMS 0x00000000ffe00000| PB 0x00000000ffe00000| Untracked 
|2047|0x00000000fff00000, 0x0000000100000000, 0x0000000100000000|100%| O|  |TAMS 0x00000000fff00000| PB 0x00000000fff00000| Untracked 

Card table byte_map: [0x0000015fe0b70000,0x0000015fe0f70000] _byte_map_base: 0x0000015fe0770000

Marking Bits: (CMBitMap*) 0x0000015fce34be10
 Bits: [0x0000015fe0f70000, 0x0000015fe2f70000)

Polling page: 0x0000015fcc0e0000

Metaspace:

Usage:
  Non-class:     26.41 MB used.
      Class:      3.92 MB used.
       Both:     30.33 MB used.

Virtual space:
  Non-class space:       64.00 MB reserved,      26.75 MB ( 42%) committed,  1 nodes.
      Class space:        1.00 GB reserved,       4.25 MB ( <1%) committed,  1 nodes.
             Both:        1.06 GB reserved,      31.00 MB (  3%) committed. 

Chunk freelists:
   Non-Class:  4.38 MB
       Class:  11.78 MB
        Both:  16.16 MB

MaxMetaspaceSize: unlimited
CompressedClassSpaceSize: 1.00 GB
Initial GC threshold: 21.00 MB
Current GC threshold: 35.25 MB
CDS: off
 - commit_granule_bytes: 65536.
 - commit_granule_words: 8192.
 - virtual_space_node_default_size: 8388608.
 - enlarge_chunks_in_place: 1.
 - use_allocation_guard: 0.


Internal statistics:

num_allocs_failed_limit: 3.
num_arena_births: 980.
num_arena_deaths: 0.
num_vsnodes_births: 2.
num_vsnodes_deaths: 0.
num_space_committed: 496.
num_space_uncommitted: 0.
num_chunks_returned_to_freelist: 3.
num_chunks_taken_from_freelist: 1859.
num_chunk_merges: 3.
num_chunk_splits: 1197.
num_chunks_enlarged: 794.
num_inconsistent_stats: 0.

CodeHeap 'non-profiled nmethods': size=120000Kb used=1546Kb max_used=1546Kb free=118453Kb
 bounds [0x0000015fd8f10000, 0x0000015fd9180000, 0x0000015fe0440000]
CodeHeap 'profiled nmethods': size=120000Kb used=6087Kb max_used=6087Kb free=113912Kb
 bounds [0x0000015fd1440000, 0x0000015fd1a40000, 0x0000015fd8970000]
CodeHeap 'non-nmethods': size=5760Kb used=1476Kb max_used=1558Kb free=4283Kb
 bounds [0x0000015fd8970000, 0x0000015fd8be0000, 0x0000015fd8f10000]
 total_blobs=3618 nmethods=3041 adapters=481
 compilation: enabled
              stopped_count=0, restarted_count=0
 full_count=0

Compilation events (20 events):
Event: 5.494 Thread 0x0000015fe5bbc260 nmethod 2984 0x0000015fd9090a90 code [0x0000015fd9090c20, 0x0000015fd9090cf0]
Event: 5.494 Thread 0x0000015fe5bbc260 2985       3       org.gradle.internal.instantiation.generator.AbstractClassGenerator$ClassGenerationHandler::visitInstanceMethod (1 bytes)
Event: 5.494 Thread 0x0000015fe5bbc260 nmethod 2985 0x0000015fd1a0d810 code [0x0000015fd1a0d9a0, 0x0000015fd1a0daa8]
Event: 5.494 Thread 0x0000015fe5bbc260 2986       3       org.gradle.internal.reflect.MethodSet::add (50 bytes)
Event: 5.495 Thread 0x0000015fe5bbc260 nmethod 2986 0x0000015fd1a0db10 code [0x0000015fd1a0dd40, 0x0000015fd1a0e5b0]
Event: 5.495 Thread 0x0000015fe5bbc260 2988       1       java.util.stream.MatchOps$BooleanTerminalSink::getAndClearState (5 bytes)
Event: 5.495 Thread 0x0000015fe5bbc260 nmethod 2988 0x0000015fd9090d90 code [0x0000015fd9090f20, 0x0000015fd9090ff0]
Event: 5.495 Thread 0x0000015fe5bbc260 2987       3       org.gradle.internal.reflect.MethodSet$MethodKey::<init> (6 bytes)
Event: 5.496 Thread 0x0000015fe5bbc260 nmethod 2987 0x0000015fd1a0e890 code [0x0000015fd1a0ea60, 0x0000015fd1a0eef0]
Event: 5.496 Thread 0x0000015fe5bbc260 2989       3       org.objectweb.asm.SymbolTable::addConstantClass (8 bytes)
Event: 5.496 Thread 0x0000015fe5bbc260 nmethod 2989 0x0000015fd1a0f090 code [0x0000015fd1a0f240, 0x0000015fd1a0f388]
Event: 5.497 Thread 0x0000015fe5bbc260 2991       3       org.objectweb.asm.Frame::pop (42 bytes)
Event: 5.497 Thread 0x0000015fe5bbc260 nmethod 2991 0x0000015fd1a0f410 code [0x0000015fd1a0f5c0, 0x0000015fd1a0f770]
Event: 5.498 Thread 0x0000015fe5bbc260 2992       3       java.util.stream.StreamOpFlag::isKnown (19 bytes)
Event: 5.498 Thread 0x0000015fe5bbc260 nmethod 2992 0x0000015fd1a0f890 code [0x0000015fd1a0fa20, 0x0000015fd1a0fb88]
Event: 5.498 Thread 0x0000015fe5bbc260 2993       3       org.objectweb.asm.Frame::<init> (10 bytes)
Event: 5.498 Thread 0x0000015fe5bbc260 nmethod 2993 0x0000015fd1a0fc10 code [0x0000015fd1a0fdc0, 0x0000015fd1a0ff78]
Event: 5.498 Thread 0x0000015fe5bbc260 2994       3       org.objectweb.asm.Frame::getAbstractTypeFromDescriptor (432 bytes)
Event: 5.502 Thread 0x0000015fe5bbc260 nmethod 2994 0x0000015fd1a10010 code [0x0000015fd1a10500, 0x0000015fd1a12aa0]
Event: 5.502 Thread 0x0000015fe5bbc260 2995       3       org.objectweb.asm.SymbolTable::addConstantMemberReference (147 bytes)

GC Heap History (10 events):
Event: 0.795 GC heap before
{Heap before GC invocations=0 (full 0):
 garbage-first heap   total 129024K, used 22528K [0x0000000080000000, 0x0000000100000000)
  region size 1024K, 23 young (23552K), 0 survivors (0K)
 Metaspace       used 7989K, committed 8128K, reserved 1114112K
  class space    used 712K, committed 768K, reserved 1048576K
}
Event: 0.799 GC heap after
{Heap after GC invocations=1 (full 0):
 garbage-first heap   total 129024K, used 3477K [0x0000000080000000, 0x0000000100000000)
  region size 1024K, 3 young (3072K), 3 survivors (3072K)
 Metaspace       used 7989K, committed 8128K, reserved 1114112K
  class space    used 712K, committed 768K, reserved 1048576K
}
Event: 1.747 GC heap before
{Heap before GC invocations=1 (full 0):
 garbage-first heap   total 129024K, used 40341K [0x0000000080000000, 0x0000000100000000)
  region size 1024K, 37 young (37888K), 3 survivors (3072K)
 Metaspace       used 12175K, committed 12352K, reserved 1114112K
  class space    used 1278K, committed 1408K, reserved 1048576K
}
Event: 1.753 GC heap after
{Heap after GC invocations=2 (full 0):
 garbage-first heap   total 129024K, used 11201K [0x0000000080000000, 0x0000000100000000)
  region size 1024K, 5 young (5120K), 5 survivors (5120K)
 Metaspace       used 12175K, committed 12352K, reserved 1114112K
  class space    used 1278K, committed 1408K, reserved 1048576K
}
Event: 2.429 GC heap before
{Heap before GC invocations=2 (full 0):
 garbage-first heap   total 129024K, used 60353K [0x0000000080000000, 0x0000000100000000)
  region size 1024K, 51 young (52224K), 5 survivors (5120K)
 Metaspace       used 13218K, committed 13440K, reserved 1114112K
  class space    used 1451K, committed 1600K, reserved 1048576K
}
Event: 2.436 GC heap after
{Heap after GC invocations=3 (full 0):
 garbage-first heap   total 129024K, used 16844K [0x0000000080000000, 0x0000000100000000)
  region size 1024K, 5 young (5120K), 5 survivors (5120K)
 Metaspace       used 13218K, committed 13440K, reserved 1114112K
  class space    used 1451K, committed 1600K, reserved 1048576K
}
Event: 3.194 GC heap before
{Heap before GC invocations=3 (full 0):
 garbage-first heap   total 129024K, used 42444K [0x0000000080000000, 0x0000000100000000)
  region size 1024K, 31 young (31744K), 5 survivors (5120K)
 Metaspace       used 21130K, committed 21504K, reserved 1114112K
  class space    used 2431K, committed 2624K, reserved 1048576K
}
Event: 3.200 GC heap after
{Heap after GC invocations=4 (full 0):
 garbage-first heap   total 129024K, used 20393K [0x0000000080000000, 0x0000000100000000)
  region size 1024K, 9 young (9216K), 9 survivors (9216K)
 Metaspace       used 21130K, committed 21504K, reserved 1114112K
  class space    used 2431K, committed 2624K, reserved 1048576K
}
Event: 5.063 GC heap before
{Heap before GC invocations=5 (full 0):
 garbage-first heap   total 71680K, used 69545K [0x0000000080000000, 0x0000000100000000)
  region size 1024K, 58 young (59392K), 9 survivors (9216K)
 Metaspace       used 29416K, committed 30016K, reserved 1114112K
  class space    used 3743K, committed 4032K, reserved 1048576K
}
Event: 5.080 GC heap after
{Heap after GC invocations=6 (full 0):
 garbage-first heap   total 83968K, used 23118K [0x0000000080000000, 0x0000000100000000)
  region size 1024K, 7 young (7168K), 7 survivors (7168K)
 Metaspace       used 29416K, committed 30016K, reserved 1114112K
  class space    used 3743K, committed 4032K, reserved 1048576K
}

Dll operation events (3 events):
Event: 0.019 Loaded shared library C:\Program Files\Android\Android Studio\jbr\bin\java.dll
Event: 0.034 Loaded shared library C:\Program Files\Android\Android Studio\jbr\bin\zip.dll
Event: 0.934 Loaded shared library C:\Program Files\Android\Android Studio\jbr\bin\verify.dll

Deoptimization events (20 events):
Event: 3.932 Thread 0x0000015fe5d2a890 DEOPT PACKING pc=0x0000015fd8f333a0 sp=0x0000000aaf9fad80
Event: 3.932 Thread 0x0000015fe5d2a890 DEOPT UNPACKING pc=0x0000015fd89c46a2 sp=0x0000000aaf9fad08 mode 2
Event: 4.002 Thread 0x0000015fe5d2a890 Uncommon trap: trap_request=0xffffff45 fr.pc=0x0000015fd8f36e8c relative=0x0000000000000d8c
Event: 4.002 Thread 0x0000015fe5d2a890 Uncommon trap: reason=unstable_if action=reinterpret pc=0x0000015fd8f36e8c method=java.io.WinNTFileSystem.resolve(Ljava/lang/String;Ljava/lang/String;)Ljava/lang/String; @ 19 c2
Event: 4.002 Thread 0x0000015fe5d2a890 DEOPT PACKING pc=0x0000015fd8f36e8c sp=0x0000000aaf9fb910
Event: 4.002 Thread 0x0000015fe5d2a890 DEOPT UNPACKING pc=0x0000015fd89c46a2 sp=0x0000000aaf9fb8a8 mode 2
Event: 4.004 Thread 0x0000015fe5d2a890 DEOPT PACKING pc=0x0000015fd1526ad9 sp=0x0000000aaf9fb340
Event: 4.004 Thread 0x0000015fe5d2a890 DEOPT UNPACKING pc=0x0000015fd89c4e42 sp=0x0000000aaf9fa7d8 mode 0
Event: 4.004 Thread 0x0000015fe5d2a890 Uncommon trap: trap_request=0xffffff45 fr.pc=0x0000015fd8fafa00 relative=0x00000000000006a0
Event: 4.004 Thread 0x0000015fe5d2a890 Uncommon trap: reason=unstable_if action=reinterpret pc=0x0000015fd8fafa00 method=java.io.File.getName()Ljava/lang/String; @ 16 c2
Event: 4.004 Thread 0x0000015fe5d2a890 DEOPT PACKING pc=0x0000015fd8fafa00 sp=0x0000000aaf9fb8d0
Event: 4.004 Thread 0x0000015fe5d2a890 DEOPT UNPACKING pc=0x0000015fd89c46a2 sp=0x0000000aaf9fb8a0 mode 2
Event: 4.096 Thread 0x0000015fe5d2a890 Uncommon trap: trap_request=0xffffff45 fr.pc=0x0000015fd8f39f14 relative=0x00000000000000f4
Event: 4.096 Thread 0x0000015fe5d2a890 Uncommon trap: reason=unstable_if action=reinterpret pc=0x0000015fd8f39f14 method=java.util.HashMap.hash(Ljava/lang/Object;)I @ 1 c2
Event: 4.096 Thread 0x0000015fe5d2a890 DEOPT PACKING pc=0x0000015fd8f39f14 sp=0x0000000aaf9fc930
Event: 4.096 Thread 0x0000015fe5d2a890 DEOPT UNPACKING pc=0x0000015fd89c46a2 sp=0x0000000aaf9fc870 mode 2
Event: 5.484 Thread 0x0000015fe5d2a890 Uncommon trap: trap_request=0xffffff45 fr.pc=0x0000015fd907331c relative=0x00000000000000fc
Event: 5.484 Thread 0x0000015fe5d2a890 Uncommon trap: reason=unstable_if action=reinterpret pc=0x0000015fd907331c method=java.util.Arrays.equals([Ljava/lang/Object;[Ljava/lang/Object;)Z @ 44 c2
Event: 5.484 Thread 0x0000015fe5d2a890 DEOPT PACKING pc=0x0000015fd907331c sp=0x0000000aaf9fb9f0
Event: 5.484 Thread 0x0000015fe5d2a890 DEOPT UNPACKING pc=0x0000015fd89c46a2 sp=0x0000000aaf9fb990 mode 2

Classes loaded (20 events):
Event: 4.841 Loading class java/io/ObjectInputStream
Event: 4.842 Loading class java/io/ObjectInput
Event: 4.842 Loading class java/io/ObjectInput done
Event: 4.842 Loading class java/io/ObjectStreamConstants
Event: 4.842 Loading class java/io/ObjectStreamConstants done
Event: 4.842 Loading class java/io/ObjectInputStream done
Event: 4.843 Loading class java/io/ObjectOutputStream
Event: 4.843 Loading class java/io/ObjectOutput
Event: 4.843 Loading class java/io/ObjectOutput done
Event: 4.843 Loading class java/io/ObjectOutputStream done
Event: 5.233 Loading class javax/xml/parsers/ParserConfigurationException
Event: 5.234 Loading class javax/xml/parsers/ParserConfigurationException done
Event: 5.234 Loading class org/xml/sax/SAXException
Event: 5.235 Loading class org/xml/sax/SAXException done
Event: 5.235 Loading class javax/xml/xpath/XPathExpressionException
Event: 5.235 Loading class javax/xml/xpath/XPathException
Event: 5.235 Loading class javax/xml/xpath/XPathException done
Event: 5.235 Loading class javax/xml/xpath/XPathExpressionException done
Event: 5.235 Loading class org/xml/sax/ErrorHandler
Event: 5.235 Loading class org/xml/sax/ErrorHandler done

Classes unloaded (0 events):
No events

Classes redefined (0 events):
No events

Internal exceptions (20 events):
Event: 4.155 Thread 0x0000015fe5d2a890 Exception <a 'java/lang/NoSuchMethodError'{0x0000000082209010}: 'int java.lang.invoke.DirectMethodHandle$Holder.invokeStatic(java.lang.Object, java.lang.Object, java.lang.Object, java.lang.Object)'> (0x0000000082209010) 
thrown [s\src\hotspot\share\interpreter\linkResolver.cpp, line 784]
Event: 4.227 Thread 0x0000015fe5d2a890 Exception <a 'java/lang/NoSuchMethodError'{0x00000000821f9d28}: 'java.lang.Object java.lang.invoke.DelegatingMethodHandle$Holder.reinvoke_L(java.lang.Object, java.lang.Object, java.lang.Object, java.lang.Object, java.lang.Object, java.lang.Object, java.lang.Object, java.lang.Object, java.lang.Object, java.lang.Object, java.lang.Object, java.lang.Object, java.lang.Object, java.lang.Object, java.lang.Object, java.lang.Object, java.lang.Object, java.lang.Object, java.lang.Object, java.lang.Object, java.lang.O
Event: 4.233 Thread 0x0000015fe5d2a890 Exception <a 'java/lang/NoSuchMethodError'{0x0000000082067700}: 'java.lang.Object java.lang.invoke.DirectMethodHandle$Holder.invokeStatic(java.lang.Object, java.lang.Object, java.lang.Object, java.lang.Object, java.lang.Object, java.lang.Object, java.lang.Object, java.lang.Object, java.lang.Object, java.lang.Object, java.lang.Object, java.lang.Object, java.lang.Object, java.lang.Object, java.lang.Object, java.lang.Object, java.lang.Object)'> (0x0000000082067700) 
thrown [s\src\hotspot\share\interpreter\lin
Event: 4.235 Thread 0x0000015fe5d2a890 Exception <a 'java/lang/NoSuchMethodError'{0x0000000082090a90}: 'java.lang.Object java.lang.invoke.DirectMethodHandle$Holder.invokeStatic(java.lang.Object, java.lang.Object, java.lang.Object, java.lang.Object, java.lang.Object, java.lang.Object, java.lang.Object, java.lang.Object, java.lang.Object, java.lang.Object, java.lang.Object, java.lang.Object, java.lang.Object, java.lang.Object, java.lang.Object, java.lang.Object, java.lang.Object, java.lang.Object)'> (0x0000000082090a90) 
thrown [s\src\hotspot\sha
Event: 4.249 Thread 0x0000015fe5d2a890 Exception <a 'java/lang/NoSuchMethodError'{0x00000000820bab58}: 'java.lang.Object java.lang.invoke.DirectMethodHandle$Holder.invokeStatic(java.lang.Object, java.lang.Object, java.lang.Object, java.lang.Object, java.lang.Object, java.lang.Object, java.lang.Object, java.lang.Object, java.lang.Object, java.lang.Object, java.lang.Object, java.lang.Object, java.lang.Object, java.lang.Object, java.lang.Object, java.lang.Object, java.lang.Object, java.lang.Object, java.lang.Object)'> (0x00000000820bab58) 
thrown 
Event: 4.251 Thread 0x0000015fe5d2a890 Exception <a 'java/lang/NoSuchMethodError'{0x00000000820e62a0}: 'java.lang.Object java.lang.invoke.DirectMethodHandle$Holder.invokeStatic(java.lang.Object, java.lang.Object, java.lang.Object, java.lang.Object, java.lang.Object, java.lang.Object, java.lang.Object, java.lang.Object, java.lang.Object, java.lang.Object, java.lang.Object, java.lang.Object, java.lang.Object, java.lang.Object, java.lang.Object, java.lang.Object, java.lang.Object, java.lang.Object, java.lang.Object, java.lang.Object)'> (0x00000000
Event: 4.254 Thread 0x0000015fe5d2a890 Exception <a 'java/lang/NoSuchMethodError'{0x0000000081f12c40}: 'java.lang.Object java.lang.invoke.DirectMethodHandle$Holder.invokeStatic(java.lang.Object, java.lang.Object, java.lang.Object, java.lang.Object, java.lang.Object, java.lang.Object, java.lang.Object, java.lang.Object, java.lang.Object, java.lang.Object, java.lang.Object, java.lang.Object, java.lang.Object, java.lang.Object, java.lang.Object, java.lang.Object, java.lang.Object, java.lang.Object, java.lang.Object, java.lang.Object, java.lang.Obj
Event: 4.256 Thread 0x0000015fe5d2a890 Exception <a 'java/lang/NoSuchMethodError'{0x0000000081f40420}: 'java.lang.Object java.lang.invoke.DirectMethodHandle$Holder.invokeStatic(java.lang.Object, java.lang.Object, java.lang.Object, java.lang.Object, java.lang.Object, java.lang.Object, java.lang.Object, java.lang.Object, java.lang.Object, java.lang.Object, java.lang.Object, java.lang.Object, java.lang.Object, java.lang.Object, java.lang.Object, java.lang.Object, java.lang.Object, java.lang.Object, java.lang.Object, java.lang.Object, java.lang.Obj
Event: 4.259 Thread 0x0000015fe5d2a890 Exception <a 'java/lang/NoSuchMethodError'{0x0000000081f6e718}: 'java.lang.Object java.lang.invoke.DirectMethodHandle$Holder.invokeStatic(java.lang.Object, java.lang.Object, java.lang.Object, java.lang.Object, java.lang.Object, java.lang.Object, java.lang.Object, java.lang.Object, java.lang.Object, java.lang.Object, java.lang.Object, java.lang.Object, java.lang.Object, java.lang.Object, java.lang.Object, java.lang.Object, java.lang.Object, java.lang.Object, java.lang.Object, java.lang.Object, java.lang.Obj
Event: 4.262 Thread 0x0000015fe5d2a890 Exception <a 'java/lang/NoSuchMethodError'{0x0000000081f9dbe8}: 'java.lang.Object java.lang.invoke.DirectMethodHandle$Holder.invokeStatic(java.lang.Object, java.lang.Object, java.lang.Object, java.lang.Object, java.lang.Object, java.lang.Object, java.lang.Object, java.lang.Object, java.lang.Object, java.lang.Object, java.lang.Object, java.lang.Object, java.lang.Object, java.lang.Object, java.lang.Object, java.lang.Object, java.lang.Object, java.lang.Object, java.lang.Object, java.lang.Object, java.lang.Obj
Event: 4.265 Thread 0x0000015fe5d2a890 Exception <a 'java/lang/NoSuchMethodError'{0x0000000081fcd9c8}: 'java.lang.Object java.lang.invoke.DirectMethodHandle$Holder.invokeStatic(java.lang.Object, java.lang.Object, java.lang.Object, java.lang.Object, java.lang.Object, java.lang.Object, java.lang.Object, java.lang.Object, java.lang.Object, java.lang.Object, java.lang.Object, java.lang.Object, java.lang.Object, java.lang.Object, java.lang.Object, java.lang.Object, java.lang.Object, java.lang.Object, java.lang.Object, java.lang.Object, java.lang.Obj
Event: 4.267 Thread 0x0000015fe5d2a890 Exception <a 'java/lang/NoSuchMethodError'{0x0000000081fff350}: 'java.lang.Object java.lang.invoke.DirectMethodHandle$Holder.invokeStatic(java.lang.Object, java.lang.Object, java.lang.Object, java.lang.Object, java.lang.Object, java.lang.Object, java.lang.Object, java.lang.Object, java.lang.Object, java.lang.Object, java.lang.Object, java.lang.Object, java.lang.Object, java.lang.Object, java.lang.Object, java.lang.Object, java.lang.Object, java.lang.Object, java.lang.Object, java.lang.Object, java.lang.Obj
Event: 4.315 Thread 0x0000015fe5d2a890 Exception <a 'java/lang/IncompatibleClassChangeError'{0x0000000081ef8c50}: Found class java.lang.Object, but interface was expected> (0x0000000081ef8c50) 
thrown [s\src\hotspot\share\interpreter\linkResolver.cpp, line 851]
Event: 4.827 Thread 0x0000015fe5d2a890 Exception <a 'java/lang/IncompatibleClassChangeError'{0x000000008137f558}: Found class java.lang.Object, but interface was expected> (0x000000008137f558) 
thrown [s\src\hotspot\share\interpreter\linkResolver.cpp, line 851]
Event: 4.831 Thread 0x0000015fe5d2a890 Exception <a 'java/lang/NoSuchMethodError'{0x00000000813a8b48}: 'java.lang.Object java.lang.invoke.DirectMethodHandle$Holder.newInvokeSpecial(java.lang.Object, java.lang.Object, java.lang.Object, java.lang.Object, java.lang.Object, java.lang.Object, java.lang.Object, java.lang.Object, java.lang.Object, java.lang.Object)'> (0x00000000813a8b48) 
thrown [s\src\hotspot\share\interpreter\linkResolver.cpp, line 784]
Event: 4.886 Thread 0x0000015fe5d2a890 Exception <a 'java/lang/NoSuchMethodError'{0x00000000812c0b28}: 'java.lang.Object java.lang.invoke.DirectMethodHandle$Holder.newInvokeSpecial(java.lang.Object, java.lang.Object, java.lang.Object, java.lang.Object, java.lang.Object, java.lang.Object, java.lang.Object, java.lang.Object)'> (0x00000000812c0b28) 
thrown [s\src\hotspot\share\interpreter\linkResolver.cpp, line 784]
Event: 4.901 Thread 0x0000015fe5d2a890 Exception <a 'java/lang/NoSuchMethodError'{0x000000008116b8d8}: 'int java.lang.invoke.DirectMethodHandle$Holder.invokeStaticInit(java.lang.Object, java.lang.Object, java.lang.Object)'> (0x000000008116b8d8) 
thrown [s\src\hotspot\share\interpreter\linkResolver.cpp, line 784]
Event: 5.082 Thread 0x0000015fe5d2a890 Exception <a 'java/lang/NoSuchMethodError'{0x0000000087d0f520}: 'java.lang.Object java.lang.invoke.DirectMethodHandle$Holder.invokeVirtual(java.lang.Object, java.lang.Object, java.lang.Object, java.lang.Object, java.lang.Object, java.lang.Object, java.lang.Object, java.lang.Object, java.lang.Object, java.lang.Object, java.lang.Object, java.lang.Object, java.lang.Object, java.lang.Object, java.lang.Object, java.lang.Object, java.lang.Object, java.lang.Object, java.lang.Object, java.lang.Object, java.lang.Ob
Event: 5.093 Thread 0x0000015fe5d2a890 Exception <a 'java/lang/NoSuchMethodError'{0x0000000087dec0c0}: 'java.lang.Object java.lang.invoke.DirectMethodHandle$Holder.invokeSpecial(java.lang.Object, java.lang.Object, java.lang.Object, java.lang.Object, java.lang.Object, java.lang.Object, java.lang.Object, java.lang.Object, java.lang.Object, java.lang.Object, java.lang.Object, java.lang.Object, java.lang.Object, java.lang.Object, java.lang.Object, java.lang.Object, java.lang.Object, java.lang.Object, java.lang.Object, java.lang.Object, java.lang.Ob
Event: 5.496 Thread 0x0000015fe5d2a890 Exception <a 'java/lang/NoSuchMethodError'{0x0000000085cfb850}: 'java.lang.Object java.lang.invoke.DirectMethodHandle$Holder.newInvokeSpecial(java.lang.Object, java.lang.Object, java.lang.Object, java.lang.Object, java.lang.Object, java.lang.Object, java.lang.Object)'> (0x0000000085cfb850) 
thrown [s\src\hotspot\share\interpreter\linkResolver.cpp, line 784]

ZGC Phase Switch (0 events):
No events

VM Operations (20 events):
Event: 3.007 Executing VM operation: HandshakeAllThreads (Deoptimize)
Event: 3.007 Executing VM operation: HandshakeAllThreads (Deoptimize) done
Event: 3.093 Executing VM operation: ICBufferFull
Event: 3.093 Executing VM operation: ICBufferFull done
Event: 3.194 Executing VM operation: CollectForMetadataAllocation (Metadata GC Threshold)
Event: 3.200 Executing VM operation: CollectForMetadataAllocation (Metadata GC Threshold) done
Event: 3.207 Executing VM operation: G1PauseRemark
Event: 3.209 Executing VM operation: G1PauseRemark done
Event: 3.211 Executing VM operation: G1PauseCleanup
Event: 3.215 Executing VM operation: G1PauseCleanup done
Event: 3.639 Executing VM operation: HandshakeAllThreads (Deoptimize)
Event: 3.639 Executing VM operation: HandshakeAllThreads (Deoptimize) done
Event: 4.276 Executing VM operation: HandshakeAllThreads (Deoptimize)
Event: 4.276 Executing VM operation: HandshakeAllThreads (Deoptimize) done
Event: 4.276 Executing VM operation: Cleanup
Event: 4.276 Executing VM operation: Cleanup done
Event: 4.277 Executing VM operation: HandshakeAllThreads (Deoptimize)
Event: 4.277 Executing VM operation: HandshakeAllThreads (Deoptimize) done
Event: 5.063 Executing VM operation: G1CollectForAllocation (G1 Evacuation Pause)
Event: 5.080 Executing VM operation: G1CollectForAllocation (G1 Evacuation Pause) done

Memory protections (0 events):
No events

Nmethod flushes (0 events):
No events

Events (20 events):
Event: 2.581 Thread 0x0000015fe5bbc260 Thread added: 0x0000015feb94ebf0
Event: 2.588 Loaded shared library C:\Program Files\Android\Android Studio\jbr\bin\management.dll
Event: 2.596 Loaded shared library C:\Program Files\Android\Android Studio\jbr\bin\management_ext.dll
Event: 2.648 Thread 0x0000015fce2f4bf0 Thread added: 0x0000015fe5d28e50
Event: 2.842 Loaded shared library C:\Program Files\Android\Android Studio\jbr\bin\extnet.dll
Event: 2.901 Thread 0x0000015fce2f4bf0 Thread added: 0x0000015fe5d2b5b0
Event: 2.988 Thread 0x0000015fce2f4bf0 Thread added: 0x0000015fe5d2a200
Event: 3.049 Thread 0x0000015fe5d2b5b0 Thread added: 0x0000015fe5d28130
Event: 3.051 Thread 0x0000015fe5d28130 Thread added: 0x0000015fe5d29b70
Event: 3.085 Thread 0x0000015fe5d28130 Thread added: 0x0000015fe5d294e0
Event: 3.094 Thread 0x0000015fe5d28130 Thread added: 0x0000015fe5d2a890
Event: 3.107 Thread 0x0000015fe5d2a890 Thread added: 0x0000015feb6040f0
Event: 3.111 Thread 0x0000015fe5d2a890 Thread added: 0x0000015feb6054a0
Event: 3.113 Thread 0x0000015fe5d2a890 Thread added: 0x0000015feb604780
Event: 3.640 Thread 0x0000015fe5d2a890 Thread added: 0x0000015feb605b30
Event: 3.650 Thread 0x0000015fe5d2a890 Thread added: 0x0000015feb6061c0
Event: 3.886 Thread 0x0000015feb94ebf0 Thread exited: 0x0000015feb94ebf0
Event: 3.952 Thread 0x0000015fe5d2a890 Thread added: 0x0000015feb606ee0
Event: 4.217 Thread 0x0000015fe5bbc260 Thread added: 0x0000015fec0207e0
Event: 5.205 Thread 0x0000015fe5d2a890 Thread added: 0x0000015feb607570


Dynamic libraries:
0x00007ff709940000 - 0x00007ff70994a000 	C:\Program Files\Android\Android Studio\jbr\bin\java.exe
0x00007ff86ba20000 - 0x00007ff86bc87000 	C:\WINDOWS\SYSTEM32\ntdll.dll
0x00007ff86afb0000 - 0x00007ff86b079000 	C:\WINDOWS\System32\KERNEL32.DLL
0x00007ff8690b0000 - 0x00007ff86949f000 	C:\WINDOWS\System32\KERNELBASE.dll
0x00007ff8389b0000 - 0x00007ff8389c8000 	C:\Program Files\Android\Android Studio\jbr\bin\jli.dll
0x00007ff868c20000 - 0x00007ff868d6b000 	C:\WINDOWS\System32\ucrtbase.dll
0x00007ff81c540000 - 0x00007ff81c55b000 	C:\Program Files\Android\Android Studio\jbr\bin\VCRUNTIME140.dll
0x00007ff86a880000 - 0x00007ff86aa45000 	C:\WINDOWS\System32\USER32.dll
0x00007ff8696d0000 - 0x00007ff8696f7000 	C:\WINDOWS\System32\win32u.dll
0x00007ff84fb80000 - 0x00007ff84fe13000 	C:\WINDOWS\WinSxS\amd64_microsoft.windows.common-controls_6595b64144ccf1df_6.0.26100.7309_none_3e05feeae336a044\COMCTL32.dll
0x00007ff86ad60000 - 0x00007ff86ad8b000 	C:\WINDOWS\System32\GDI32.dll
0x00007ff86b850000 - 0x00007ff86b8f9000 	C:\WINDOWS\System32\msvcrt.dll
0x00007ff868f80000 - 0x00007ff8690ac000 	C:\WINDOWS\System32\gdi32full.dll
0x00007ff868b70000 - 0x00007ff868c13000 	C:\WINDOWS\System32\msvcp_win.dll
0x00007ff86b810000 - 0x00007ff86b841000 	C:\WINDOWS\System32\IMM32.DLL
0x00007ff84e5a0000 - 0x00007ff84e5ac000 	C:\Program Files\Android\Android Studio\jbr\bin\vcruntime140_1.dll
0x00007ffffa720000 - 0x00007ffffa7ad000 	C:\Program Files\Android\Android Studio\jbr\bin\msvcp140.dll
0x00007fff96ec0000 - 0x00007fff97b4b000 	C:\Program Files\Android\Android Studio\jbr\bin\server\jvm.dll
0x00007ff86ae90000 - 0x00007ff86af44000 	C:\WINDOWS\System32\ADVAPI32.dll
0x00007ff86b930000 - 0x00007ff86b9d6000 	C:\WINDOWS\System32\sechost.dll
0x00007ff86b270000 - 0x00007ff86b388000 	C:\WINDOWS\System32\RPCRT4.dll
0x00007ff86b080000 - 0x00007ff86b0f4000 	C:\WINDOWS\System32\WS2_32.dll
0x00007ff8689d0000 - 0x00007ff868a2e000 	C:\WINDOWS\SYSTEM32\POWRPROF.dll
0x00007ff855250000 - 0x00007ff855285000 	C:\WINDOWS\SYSTEM32\WINMM.dll
0x00007ff85bad0000 - 0x00007ff85badb000 	C:\WINDOWS\SYSTEM32\VERSION.dll
0x00007ff8689b0000 - 0x00007ff8689c4000 	C:\WINDOWS\SYSTEM32\UMPDC.dll
0x00007ff867900000 - 0x00007ff86791b000 	C:\WINDOWS\SYSTEM32\kernel.appcore.dll
0x00007ff84a920000 - 0x00007ff84a92a000 	C:\Program Files\Android\Android Studio\jbr\bin\jimage.dll
0x00007ff8664a0000 - 0x00007ff8666e2000 	C:\WINDOWS\SYSTEM32\DBGHELP.DLL
0x00007ff86a4e0000 - 0x00007ff86a865000 	C:\WINDOWS\System32\combase.dll
0x00007ff86abe0000 - 0x00007ff86acb6000 	C:\WINDOWS\System32\OLEAUT32.dll
0x00007ff840bd0000 - 0x00007ff840c0c000 	C:\WINDOWS\SYSTEM32\dbgcore.DLL
0x00007ff869620000 - 0x00007ff8696c5000 	C:\WINDOWS\System32\bcryptPrimitives.dll
0x00007ff856d30000 - 0x00007ff856d3e000 	C:\Program Files\Android\Android Studio\jbr\bin\instrument.dll
0x00007ff80a910000 - 0x00007ff80a930000 	C:\Program Files\Android\Android Studio\jbr\bin\java.dll
0x00007ff8036b0000 - 0x00007ff8036c8000 	C:\Program Files\Android\Android Studio\jbr\bin\zip.dll
0x00007ff8697c0000 - 0x00007ff869f13000 	C:\WINDOWS\System32\SHELL32.dll
0x00007ff8694b0000 - 0x00007ff86961a000 	C:\WINDOWS\System32\wintypes.dll
0x00007ff866740000 - 0x00007ff866f9e000 	C:\WINDOWS\SYSTEM32\windows.storage.dll
0x00007ff86aad0000 - 0x00007ff86abc5000 	C:\WINDOWS\System32\SHCORE.dll
0x00007ff869f20000 - 0x00007ff869f86000 	C:\WINDOWS\System32\shlwapi.dll
0x00007ff868a90000 - 0x00007ff868ab9000 	C:\WINDOWS\SYSTEM32\profapi.dll
0x00007ff83b000000 - 0x00007ff83b010000 	C:\Program Files\Android\Android Studio\jbr\bin\net.dll
0x00007ff85b760000 - 0x00007ff85b888000 	C:\WINDOWS\SYSTEM32\WINHTTP.dll
0x00007ff867e90000 - 0x00007ff867efb000 	C:\WINDOWS\system32\mswsock.dll
0x00007ff8016e0000 - 0x00007ff8016f6000 	C:\Program Files\Android\Android Studio\jbr\bin\nio.dll
0x00007ff81c530000 - 0x00007ff81c540000 	C:\Program Files\Android\Android Studio\jbr\bin\verify.dll
0x00007ff801780000 - 0x00007ff8017a7000 	C:\Users\47sok\.gradle\native\c067742578af261105cb4f569cf0c3c89f3d7b1fecec35dd04571415982c5e48\windows-amd64\native-platform.dll
0x00007ffff3710000 - 0x00007ffff3854000 	C:\Users\47sok\.gradle\native\100fb08df4bc3b14c8652ba06237920a3bd2aa13389f12d3474272988ae205f9\windows-amd64\native-platform-file-events.dll
0x00007ff837480000 - 0x00007ff837489000 	C:\Program Files\Android\Android Studio\jbr\bin\management.dll
0x00007ff826990000 - 0x00007ff82699b000 	C:\Program Files\Android\Android Studio\jbr\bin\management_ext.dll
0x00007ff86b800000 - 0x00007ff86b808000 	C:\WINDOWS\System32\PSAPI.DLL
0x00007ff868150000 - 0x00007ff86816b000 	C:\WINDOWS\SYSTEM32\CRYPTSP.dll
0x00007ff867860000 - 0x00007ff86789a000 	C:\WINDOWS\system32\rsaenh.dll
0x00007ff867f40000 - 0x00007ff867f6b000 	C:\WINDOWS\SYSTEM32\USERENV.dll
0x00007ff868a60000 - 0x00007ff868a8a000 	C:\WINDOWS\SYSTEM32\bcrypt.dll
0x00007ff868170000 - 0x00007ff86817c000 	C:\WINDOWS\SYSTEM32\CRYPTBASE.dll
0x00007ff867430000 - 0x00007ff867464000 	C:\WINDOWS\SYSTEM32\IPHLPAPI.DLL
0x00007ff86a870000 - 0x00007ff86a87a000 	C:\WINDOWS\System32\NSI.dll
0x00007ff8388f0000 - 0x00007ff8388f9000 	C:\Program Files\Android\Android Studio\jbr\bin\extnet.dll
0x00007ff83bf60000 - 0x00007ff83bf68000 	C:\WINDOWS\system32\wshunix.dll

dbghelp: loaded successfully - version: 4.0.5 - missing functions: none
symbol engine: initialized successfully - sym options: 0x614 - pdb path: .;C:\Program Files\Android\Android Studio\jbr\bin;C:\WINDOWS\SYSTEM32;C:\WINDOWS\WinSxS\amd64_microsoft.windows.common-controls_6595b64144ccf1df_6.0.26100.7309_none_3e05feeae336a044;C:\Program Files\Android\Android Studio\jbr\bin\server;C:\Users\47sok\.gradle\native\c067742578af261105cb4f569cf0c3c89f3d7b1fecec35dd04571415982c5e48\windows-amd64;C:\Users\47sok\.gradle\native\100fb08df4bc3b14c8652ba06237920a3bd2aa13389f12d3474272988ae205f9\windows-amd64

VM Arguments:
jvm_args: --add-opens=java.base/java.lang=ALL-UNNAMED --add-opens=java.base/java.lang.invoke=ALL-UNNAMED --add-opens=java.base/java.util=ALL-UNNAMED --add-opens=java.prefs/java.util.prefs=ALL-UNNAMED --add-exports=jdk.compiler/com.sun.tools.javac.api=ALL-UNNAMED --add-exports=jdk.compiler/com.sun.tools.javac.util=ALL-UNNAMED --add-opens=java.base/java.util=ALL-UNNAMED --add-opens=java.prefs/java.util.prefs=ALL-UNNAMED --add-opens=java.base/java.nio.charset=ALL-UNNAMED --add-opens=java.base/java.net=ALL-UNNAMED --add-opens=java.base/java.util.concurrent.atomic=ALL-UNNAMED --add-opens=java.xml/javax.xml.namespace=ALL-UNNAMED -Xmx2048m -Dfile.encoding=UTF-8 -Duser.country=RU -Duser.language=ru -Duser.variant -javaagent:C:\Users\47sok\.gradle\wrapper\dists\gradle-8.11.1-bin\bpt9gzteqjrbo1mjrsomdt32c\gradle-8.11.1\lib\agents\gradle-instrumentation-agent-8.11.1.jar 
java_command: org.gradle.launcher.daemon.bootstrap.GradleDaemon 8.11.1
java_class_path (initial): C:\Users\47sok\.gradle\wrapper\dists\gradle-8.11.1-bin\bpt9gzteqjrbo1mjrsomdt32c\gradle-8.11.1\lib\gradle-daemon-main-8.11.1.jar
Launcher Type: SUN_STANDARD

[Global flags]
     intx CICompilerCount                          = 4                                         {product} {ergonomic}
     uint ConcGCThreads                            = 2                                         {product} {ergonomic}
     uint G1ConcRefinementThreads                  = 8                                         {product} {ergonomic}
   size_t G1HeapRegionSize                         = 1048576                                   {product} {ergonomic}
    uintx GCDrainStackTargetSize                   = 64                                        {product} {ergonomic}
   size_t InitialHeapSize                          = 132120576                                 {product} {ergonomic}
   size_t MarkStackSize                            = 4194304                                   {product} {ergonomic}
   size_t MaxHeapSize                              = 2147483648                                {product} {command line}
   size_t MaxNewSize                               = 1287651328                                {product} {ergonomic}
   size_t MinHeapDeltaBytes                        = 1048576                                   {product} {ergonomic}
   size_t MinHeapSize                              = 8388608                                   {product} {ergonomic}
    uintx NonNMethodCodeHeapSize                   = 5839372                                {pd product} {ergonomic}
    uintx NonProfiledCodeHeapSize                  = 122909434                              {pd product} {ergonomic}
    uintx ProfiledCodeHeapSize                     = 122909434                              {pd product} {ergonomic}
    uintx ReservedCodeCacheSize                    = 251658240                              {pd product} {ergonomic}
     bool SegmentedCodeCache                       = true                                      {product} {ergonomic}
   size_t SoftMaxHeapSize                          = 2147483648                             {manageable} {ergonomic}
     bool UseCompressedOops                        = true                           {product lp64_product} {ergonomic}
     bool UseG1GC                                  = true                                      {product} {ergonomic}
     bool UseLargePagesIndividualAllocation        = false                                  {pd product} {ergonomic}

Logging:
Log output configuration:
 #0: stdout all=warning uptime,level,tags foldmultilines=false
 #1: stderr all=off uptime,level,tags foldmultilines=false

Environment Variables:
JAVA_HOME=C:\Program Files\Eclipse Adoptium\jre-17.0.13.11-hotspot\
PATH=C:\Program Files (x86)\VMware\VMware Workstation\bin\;C:\Program Files\Eclipse Adoptium\jre-17.0.13.11-hotspot\bin;C:\Program Files\Common Files\Oracle\Java\javapath;C:\Program Files (x86)\Common Files\Oracle\Java\java8path;C:\Program Files (x86)\Common Files\Oracle\Java\javapath;C:\ProgramData\Oracle\Java\javapath;C:\Program Files (x86)\Intel\Intel(R) Management Engine Components\iCLS\;C:\Program Files\Intel\Intel(R) Management Engine Components\iCLS\;C:\Windows\system32;C:\Windows;C:\Windows\System32\Wbem;C:\Windows\System32\WindowsPowerShell\v1.0\;C:\Windows\System32\OpenSSH\;C:\Program Files (x86)\Intel\Intel(R) Management Engine Components\DAL;C:\Program Files\Intel\Intel(R) Management Engine Components\DAL;C:\Program Files\Intel\WiFi\bin\;C:\Program Files\Common Files\Intel\WirelessCommon\;C:\WINDOWS\system32;C:\WINDOWS;C:\WINDOWS\System32\Wbem;C:\WINDOWS\System32\WindowsPowerShell\v1.0\;C:\WINDOWS\System32\OpenSSH\;C:\Program Files\Microsoft SQL Server\Client SDK\ODBC\110\Tools\Binn\;C:\Program Files (x86)\Microsoft SQL Server\120\Tools\Binn\;C:\Program Files\Microsoft SQL Server\120\Tools\Binn\;C:\Program Files\Microsoft SQL Server\120\DTS\Binn\;C:\Program Files (x86)\Windows Kits\8.1\Windows Performance Toolkit\;C:\Program Files (x86)\NVIDIA Corporation\PhysX\Common;C:\Program Files (x86)\Avest\AvPCM_nces;C:\Program Files\dotnet\;C;C:\WINDOWS\system32;C:\WINDOWS;C:\WINDOWS\System32\Wbem;C:\WINDOWS\System32\WindowsPowerShell\v1.0\;C:\WINDOWS\System32\OpenSSH\;C:\Program Files (x86)\Avest\AvPCM_ncesBign;C:\openjms\bin;C:\Program Files\nodejs\;C:\Program Files\NVIDIA Corporation\NVIDIA app\NvDLISR;C:\Program Files (x86)\Graphviz\bin;C:\Program Files\swipl\bin;C:\Program Files\Git\cmd;C:\Program Files\Docker\Docker\resources\bin;C:\Users\47sok\AppData\Local\Programs\Python\Launcher\;C:\Users\47sok\AppData\Local\Microsoft\WindowsApps;C:\Users\47sok\sqlite-dll-win-x86-3460000;C:\Users\47sok\AppData\Roaming\npm;C:\Users\47sok\AppData\Local\Programs\Microsoft VS Code\bin;;C:\Users\47sok\AppData\Local\MusicPlayer
USERNAME=47sok
OS=Windows_NT
PROCESSOR_IDENTIFIER=Intel64 Family 6 Model 142 Stepping 11, GenuineIntel
TMP=C:\Users\47sok\AppData\Local\Temp
TEMP=C:\Users\47sok\AppData\Local\Temp




Periodic native trim disabled

JNI global refs:
JNI global refs: 25, weak refs: 1

JNI global refs memory usage: 835, weak refs: 833

Process memory usage:
Resident Set Size: 222820K (2% of 8198392K total physical memory with 572028K free physical memory)

OOME stack traces (most recent first):
Classloader memory used:
Loader bootstrap                                                                       : 16612K
Loader org.gradle.internal.classloader.VisitableURLClassLoader                         : 12304K
Loader org.gradle.initialization.MixInLegacyTypesClassLoader                           : 1902K
Loader jdk.internal.loader.ClassLoaders$AppClassLoader                                 : 234K
Loader jdk.internal.loader.ClassLoaders$PlatformClassLoader                            : 146K

Classes loaded by more than one classloader:
Class org.gradle.internal.classloader.FilteringClassLoader                            : loaded 2 times (x 101B)
Class org.gradle.internal.classloader.ClassLoaderHierarchy                            : loaded 2 times (x 66B)
Class org.gradle.api.internal.classpath.ManifestUtil                                  : loaded 2 times (x 67B)
Class org.gradle.internal.classloader.DefaultClassLoaderFactory                       : loaded 2 times (x 78B)
Class org.gradle.internal.classloader.ClassLoaderVisitor                              : loaded 2 times (x 72B)
Class org.gradle.api.internal.classpath.EffectiveClassPath                            : loaded 2 times (x 86B)
Class org.gradle.api.internal.DefaultClassPathProvider                                : loaded 2 times (x 72B)
Class [Lorg.gradle.api.internal.ClassPathProvider;                                    : loaded 2 times (x 65B)
Class org.gradle.api.internal.ClassPathProvider                                       : loaded 2 times (x 66B)
Class org.gradle.internal.service.UnknownServiceException                             : loaded 2 times (x 79B)
Class org.gradle.internal.classpath.TransformedClassPath                              : loaded 2 times (x 92B)
Class org.gradle.internal.classloader.InstrumentingClassLoader                        : loaded 2 times (x 66B)
Class org.gradle.internal.service.ServiceLocator                                      : loaded 2 times (x 66B)
Class org.gradle.internal.InternalTransformer                                         : loaded 2 times (x 66B)
Class org.gradle.internal.classloader.ClasspathUtil$1                                 : loaded 2 times (x 72B)
Class org.gradle.api.internal.classpath.DefaultModuleRegistry$DefaultModule           : loaded 2 times (x 82B)
Class org.gradle.api.internal.classpath.Module                                        : loaded 2 times (x 66B)
Class org.gradle.api.internal.classpath.UnknownModuleException                        : loaded 2 times (x 78B)
Class org.gradle.api.internal.DefaultClassPathRegistry                                : loaded 2 times (x 72B)
Class org.gradle.api.internal.ClassPathRegistry                                       : loaded 2 times (x 66B)
Class org.gradle.internal.classpath.DefaultClassPath$ImmutableUniqueList              : loaded 2 times (x 195B)
Class org.gradle.internal.classpath.ClassPath                                         : loaded 2 times (x 66B)
Class org.gradle.api.UncheckedIOException                                             : loaded 2 times (x 78B)
Class org.gradle.internal.installation.GradleInstallation$1                           : loaded 2 times (x 71B)
Class org.gradle.api.internal.classpath.ModuleRegistry                                : loaded 2 times (x 66B)
Class org.gradle.api.internal.classpath.DefaultModuleRegistry                         : loaded 2 times (x 82B)
Class org.gradle.internal.service.ServiceLookupException                              : loaded 2 times (x 78B)
Class org.gradle.internal.classloader.ClassLoaderFactory                              : loaded 2 times (x 66B)
Class org.gradle.internal.service.CachingServiceLocator                               : loaded 2 times (x 78B)
Class org.gradle.internal.classloader.ClasspathUtil                                   : loaded 2 times (x 67B)
Class org.gradle.api.specs.Spec                                                       : loaded 2 times (x 66B)
Class org.gradle.internal.classloader.VisitableURLClassLoader$InstrumentingVisitableURLClassLoader: loaded 2 times (x 119B)
Class org.gradle.internal.classloader.VisitableURLClassLoader$Spec                    : loaded 2 times (x 70B)
Class org.gradle.internal.classpath.DefaultClassPath                                  : loaded 2 times (x 86B)
Class org.gradle.internal.classloader.ClassLoaderSpec                                 : loaded 2 times (x 67B)
Class org.gradle.internal.classloader.VisitableURLClassLoader                         : loaded 2 times (x 113B)
Class org.gradle.internal.Cast                                                        : loaded 2 times (x 67B)
Class org.gradle.api.Action                                                           : loaded 2 times (x 66B)
Class org.gradle.internal.classpath.DefaultClassPath$ImmutableUniqueList$Builder      : loaded 2 times (x 71B)
Class org.gradle.api.GradleException                                                  : loaded 2 times (x 78B)
Class org.gradle.internal.IoActions                                                   : loaded 2 times (x 67B)
Class org.gradle.internal.classloader.SystemClassLoaderSpec                           : loaded 2 times (x 67B)
Class org.gradle.api.internal.classpath.GlobalCacheRootsProvider                      : loaded 2 times (x 66B)
Class org.gradle.internal.installation.CurrentGradleInstallationLocator               : loaded 2 times (x 67B)
Class org.gradle.internal.service.DefaultServiceLocator                               : loaded 2 times (x 79B)
Class org.gradle.internal.installation.CurrentGradleInstallation                      : loaded 2 times (x 69B)
Class org.gradle.util.internal.GUtil                                                  : loaded 2 times (x 67B)
Class org.gradle.internal.installation.GradleInstallation                             : loaded 2 times (x 71B)

---------------  S Y S T E M  ---------------

OS:
 Windows 11 , 64 bit Build 26100 (10.0.26100.7309)
OS uptime: 1 days 14:47 hours
Hyper-V role detected

CPU: total 8 (initial active 8) (4 cores per cpu, 2 threads per core) family 6 model 142 stepping 11 microcode 0xde, cx8, cmov, fxsr, ht, mmx, 3dnowpref, sse, sse2, sse3, ssse3, sse4.1, sse4.2, popcnt, lzcnt, tsc, tscinvbit, avx, avx2, aes, erms, clmul, bmi1, bmi2, adx, fma, vzeroupper, clflush, clflushopt, hv, rdtscp, f16c
Processor Information for the first 8 processors :
  Max Mhz: 1800, Current Mhz: 1600, Mhz Limit: 1584

Memory: 4k page, system-wide physical 8006M (578M free)
TotalPageFile size 18719M (AvailPageFile size 24M)
current process WorkingSet (physical memory assigned to process): 217M, peak: 217M
current process commit charge ("private bytes"): 257M, peak: 258M

vm_info: OpenJDK 64-Bit Server VM (21.0.6+-13355223-b631.42) for windows-amd64 JRE (21.0.6+-13355223-b631.42), built on 2025-04-14T18:21:23Z by "builder" with MS VC++ 16.10 / 16.11 (VS2019)

END.
